<?xml version="1.0" encoding="UTF-8"?>
<!-- Generated by org.testng.reporters.JUnitReportReporter -->
<testsuite hostname="lenovo-PC" failures="0" tests="1" name="test.demo" time="29.202" errors="0" timestamp="2024-06-29T10:09:18 IST" skipped="0">
  <testcase classname="test.demo" name="display" time="29.202"/>
  <system-out/>
</testsuite> <!-- test.demo -->
